<?xml version="1.0" encoding="UTF-8"?>
<testsuite xmlns:xsi="http://www.w3.org/2001/XMLSchema-instance" xsi:noNamespaceSchemaLocation="https://maven.apache.org/surefire/maven-surefire-plugin/xsd/surefire-test-report.xsd" name="TestSuite" time="13.899" tests="2" errors="0" skipped="0" failures="1">
  <properties>
[...]
</properties>
  <testcase name="User_01_User_Register" classname="com.nopcommerce.user.Level_21_Multiple_Environment_LibOwner" time="3.7"/>
  <testcase name="User_02_User_Login" classname="com.nopcommerce.user.Level_21_Multiple_Environment_LibOwner" time="3.306">
    <failure message="expected [false] but found [true]" type="java.lang.AssertionError">java.lang.AssertionError: expected [false] but found [true]
	at com.nopcommerce.user.Level_21_Multiple_Environment_LibOwner.User_02_User_Login(Level_21_Multiple_Environment_LibOwner.java:159)
</failure>
    <system-out><![CDATA[[INFO ] [2023-02-15 18:06:46,773] Register - Step 09: Click to Continue button
[INFO ] [2023-02-15 18:06:47,340] Login - Step 01: Navigate to Login page
[INFO ] [2023-02-15 18:06:47,900] Login - Step 02: Enter to Email address textbox with value is 'marcelina.goyette@hotmail.com'
[INFO ] [2023-02-15 18:06:48,060] Login - Step 03: Enter to Pasword textbox with value is 'MvE&*ox'
[INFO ] [2023-02-15 18:06:48,175] Login - Step 04: Click to Login button
[INFO ] [2023-02-15 18:06:49,036] Login - Step 05: Verify 'My Account' link is displayed
[INFO ] [2023-02-15 18:06:49,179] Login - Step 06: Navigte to 'My Account' link
[INFO ] [2023-02-15 18:06:49,697] Login - Step 06: Verify 'First name' value
[INFO ] [2023-02-15 18:06:49,811] Login - Step 07: Verify 'Last name' value
[INFO ] [2023-02-15 18:06:49,866] Login - Step 08: Verify 'Email name' value
[INFO ] [2023-02-15 18:06:49,928] Login - Step 09: Verify to 'Customer Info' link
]]></system-out>
  </testcase>
</testsuite>