-------------------------------------------------------------------------------
Test set: TestSuite
-------------------------------------------------------------------------------
Tests run: 2, Failures: 1, Errors: 0, Skipped: 0, Time elapsed: 13.899 s <<< FAILURE! - in TestSuite
User_02_User_Login(com.nopcommerce.user.Level_21_Multiple_Environment_LibOwner)  Time elapsed: 3.306 s  <<< FAILURE!
java.lang.AssertionError: expected [false] but found [true]
	at com.nopcommerce.user.Level_21_Multiple_Environment_LibOwner.User_02_User_Login(Level_21_Multiple_Environment_LibOwner.java:159)

