<?xml version="1.0" encoding="UTF-8"?>
<!-- Generated by org.testng.reporters.JUnitXMLReporter -->
<testsuite ignored="0" hostname="DESKTOP-NGN2203" failures="1" tests="2" name="Run on Firefox" time="12.293" errors="0" timestamp="15 Feb 2023 11:06:50 GMT">
  <testcase classname="com.nopcommerce.user.Level_21_Multiple_Environment_LibOwner" name="User_01_User_Register" time="3.653"/>
  <testcase classname="com.nopcommerce.user.Level_21_Multiple_Environment_LibOwner" name="User_02_User_Login" time="3.254">
    <failure type="java.lang.AssertionError" message="expected [false] but found [true]">
      <![CDATA[java.lang.AssertionError: expected [false] but found [true]
at com.nopcommerce.user.Level_21_Multiple_Environment_LibOwner.User_02_User_Login(Level_21_Multiple_Environment_LibOwner.java:159)
... Removed 33 stack frames]]>
    </failure>
  </testcase> <!-- User_02_User_Login -->
</testsuite> <!-- Run on Firefox -->
