<?xml version="1.0" encoding="UTF-8"?>
<!-- Generated by org.testng.reporters.JUnitXMLReporter -->
<testsuite ignored="0" hostname="DESKTOP-NGN2203" failures="1" tests="2" name="Run on Firefox" time="11.629" errors="0" timestamp="13 Feb 2023 14:47:26 GMT">
  <testcase classname="com.nopcommerce.user.Level_20_Fake_Data" name="User_01_User_Register" time="3.446"/>
  <testcase classname="com.nopcommerce.user.Level_20_Fake_Data" name="User_02_User_Login" time="3.101">
    <failure type="java.lang.AssertionError" message="expected [false] but found [true]">
      <![CDATA[java.lang.AssertionError: expected [false] but found [true]
at com.nopcommerce.user.Level_20_Fake_Data.User_02_User_Login(Level_20_Fake_Data.java:151)
... Removed 33 stack frames]]>
    </failure>
  </testcase> <!-- User_02_User_Login -->
</testsuite> <!-- Run on Firefox -->
